\BOOKMARK [1][-]{Doc-Start}{\376\377\004\022\004\022\004\025\004\024\004\025\004\035\004\030\004\025}{}% 1
\BOOKMARK [1][-]{Doc-Start}{\376\377\004\041\004\036\004\032\004\040\004\020\004\051\004\025\004\035\004\030\004\057}{}% 2
\BOOKMARK [1][-]{section.1}{\376\377\004\037\004\033\004\020\004\035\004\030\004\040\004\036\004\022\004\020\004\035\004\030\004\025\000\040\004\030\000\040\004\037\004\040\004\036\004\025\004\032\004\042\004\030\004\040\004\036\004\022\004\020\004\035\004\030\004\025\000\040\004\041\004\025\004\042\004\030\000\040\004\037\004\025\004\040\004\025\004\024\004\020\004\047\004\030\000\040\004\024\004\020\004\035\004\035\004\053\004\045}{}% 3
\BOOKMARK [2][-]{subsection.1.1}{\376\377\004\036\004\077\004\100\004\065\004\064\004\065\004\073\004\065\004\075\004\070\004\065\000\040\004\101\004\102\004\100\004\103\004\072\004\102\004\103\004\100\004\113\000\040\004\077\004\100\004\065\004\064\004\077\004\100\004\070\004\117\004\102\004\070\004\117}{section.1}% 4
\BOOKMARK [2][-]{subsection.1.2}{\376\377\004\040\004\060\004\101\004\107\004\121\004\102\000\040\004\077\004\100\004\076\004\077\004\103\004\101\004\072\004\075\004\076\004\071\000\040\004\101\004\077\004\076\004\101\004\076\004\061\004\075\004\076\004\101\004\102\004\070\000\040\004\072\004\060\004\075\004\060\004\073\004\076\004\062\000\040\004\077\004\065\004\100\004\065\004\064\004\060\004\107\004\070\000\040\004\064\004\060\004\075\004\075\004\113\004\105}{section.1}% 5
\BOOKMARK [2][-]{subsection.1.3}{\376\377\004\037\004\100\004\076\004\102\004\076\004\102\004\070\004\077\004\070\004\100\004\076\004\062\004\060\004\075\004\070\004\065\000\040\004\101\004\065\004\102\004\070}{section.1}% 6
\BOOKMARK [2][-]{subsection.1.4}{\376\377\004\037\004\073\004\060\004\075\004\070\004\100\004\076\004\062\004\060\004\075\004\070\004\065\000\040\004\101\004\065\004\102\004\070\000\040\004\103\004\100\004\076\004\062\004\075\004\117\000\040\0002}{section.1}% 7
\BOOKMARK [2][-]{subsection.1.5}{\376\377\004\037\004\073\004\060\004\075\004\070\004\100\004\076\004\062\004\060\004\075\004\070\004\065\000\040\004\101\004\065\004\102\004\070\000\040\004\103\004\100\004\076\004\062\004\075\004\117\000\040\0003}{section.1}% 8
\BOOKMARK [2][-]{subsection.1.6}{\376\377\004\037\004\073\004\060\004\075\004\070\004\100\004\076\004\062\004\060\004\075\004\070\004\065\000\040\004\077\004\076\004\073\004\070\004\102\004\070\004\072\000\040\004\104\004\070\004\073\004\114\004\102\004\100\004\060\004\106\004\070\004\070\000\040\004\102\004\100\004\060\004\104\004\070\004\072\004\060}{section.1}% 9
\BOOKMARK [2][-]{subsection.1.7}{\376\377\004\037\004\073\004\060\004\075\004\070\004\100\004\076\004\062\004\060\004\075\004\070\004\065\000\040\004\077\004\076\004\073\004\070\004\102\004\070\004\072\000\040\004\076\004\061\004\065\004\101\004\077\004\065\004\107\004\065\004\075\004\070\004\117\000\040\004\072\004\060\004\107\004\065\004\101\004\102\004\062\004\060\000\040\004\076\004\061\004\101\004\073\004\103\004\066\004\070\004\062\004\060\004\075\004\070\004\117}{section.1}% 10
\BOOKMARK [2][-]{subsection.1.8}{\376\377\004\037\004\073\004\060\004\075\004\070\004\100\004\076\004\062\004\060\004\075\004\070\004\065\000\040\004\101\004\073\004\103\004\066\004\061\004\113\000\040\004\064\004\076\004\074\004\065\004\075\004\075\004\113\004\105\000\040\004\070\004\074\004\065\004\075}{section.1}% 11
\BOOKMARK [2][-]{subsection.1.9}{\376\377\004\037\004\073\004\060\004\075\004\070\004\100\004\076\004\062\004\060\004\075\004\070\004\065\000\040\004\077\004\076\004\073\004\070\004\102\004\070\004\072\000\040\004\103\004\077\004\100\004\060\004\062\004\073\004\065\004\075\004\070\004\117\000\040\004\077\004\076\004\073\004\114\004\067\004\076\004\062\004\060\004\102\004\065\004\073\004\117\004\074\004\070}{section.1}% 12
\BOOKMARK [2][-]{subsection.1.10}{\376\377\004\037\004\073\004\060\004\075\004\070\004\100\004\076\004\062\004\060\004\075\004\070\004\065\000\040\004\062\004\075\004\065\004\064\004\100\004\065\004\075\004\070\004\117\000\040\000D\000H\000C\000P\000-\004\101\004\065\004\100\004\062\004\065\004\100\004\060}{section.1}% 13
\BOOKMARK [2][-]{subsection.1.11}{\376\377\004\037\004\073\004\060\004\075\004\070\004\100\004\076\004\062\004\060\004\075\004\070\004\065\000\040\004\064\004\100\004\103\004\063\004\070\004\105\000\040\004\101\004\065\004\102\004\065\004\062\004\113\004\105\000\040\004\101\004\073\004\103\004\066\004\061}{section.1}% 14
\BOOKMARK [2][-]{subsection.1.12}{\376\377\004\036\004\077\004\100\004\065\004\064\004\065\004\073\004\065\004\075\004\070\004\065\000\040\004\070\000\040\004\100\004\060\004\101\004\107\004\065\004\102\000\040\004\101\004\065\004\100\004\062\004\070\004\101\004\075\004\076\004\071\000\040\004\075\004\060\004\063\004\100\004\103\004\067\004\072\004\070}{section.1}% 15
\BOOKMARK [2][-]{subsection.1.13}{\376\377\004\030\004\102\004\076\004\063\004\076\004\062\004\076\004\065\000\040\004\077\004\073\004\060\004\075\004\070\004\100\004\076\004\062\004\060\004\075\004\070\004\065}{section.1}% 16
\BOOKMARK [1][-]{section.2}{\376\377\004\034\004\076\004\064\004\065\004\073\004\070\004\100\004\076\004\062\004\060\004\075\004\070\004\065\000\040\004\101\004\065\004\102\004\070\000\040\004\077\004\065\004\100\004\065\004\064\004\060\004\107\004\070\000\040\004\064\004\060\004\075\004\075\004\113\004\105}{}% 17
\BOOKMARK [2][-]{subsection.2.1}{\376\377\004\034\004\076\004\064\004\065\004\073\004\070\004\100\004\076\004\062\004\060\004\075\004\070\004\065\000\040\004\101\004\065\004\100\004\062\004\070\004\101\004\076\004\062}{section.2}% 18
\BOOKMARK [2][-]{subsection.2.2}{\376\377\004\034\004\076\004\064\004\065\004\073\004\070\004\100\004\076\004\062\004\060\004\075\004\070\004\065\000\040\004\101\004\065\004\102\004\070\000\040\004\077\004\065\004\100\004\065\004\064\004\060\004\107\004\070\000\040\004\064\004\060\004\075\004\075\004\113\004\105}{section.2}% 19
\BOOKMARK [1][-]{subsection.2.2}{\376\377\004\037\004\040\004\030\004\033\004\036\004\026\004\025\004\035\004\030\004\057}{}% 20
\BOOKMARK [1][-]{appendix.A}{\376\377\004\042\004\065\004\101\004\102\004\070\004\100\004\076\004\062\004\060\004\075\004\070\004\065\000\040\004\100\004\060\004\061\004\076\004\102\004\076\004\101\004\077\004\076\004\101\004\076\004\061\004\075\004\076\004\101\004\102\004\070\000\040\004\101\004\065\004\102\004\070}{}% 21
\BOOKMARK [1][-]{appendix.B}{\376\377\004\032\004\076\004\075\004\104\004\070\004\063\004\103\004\100\004\060\004\106\004\070\004\117\000\040\004\101\004\065\004\102\004\065\004\062\004\113\004\105\000\040\004\103\004\101\004\102\004\100\004\076\004\071\004\101\004\102\004\062}{}% 22
\BOOKMARK [1][-]{lstnumber.-23.34}{\376\377\004\027\004\020\004\032\004\033\004\056\004\047\004\025\004\035\004\030\004\025}{}% 23
\BOOKMARK [1][-]{lstnumber.-23.34}{\376\377\004\041\004\037\004\030\004\041\004\036\004\032\000\040\004\030\004\041\004\037\004\036\004\033\004\054\004\027\004\043\004\025\004\034\004\053\004\045\000\040\004\030\004\041\004\042\004\036\004\047\004\035\004\030\004\032\004\036\004\022}{}% 24
